c:\users\danae\documents\visual studio 2017\projects\thesis_api\thesis_api\debug\vc141.pdb
c:\users\danae\documents\visual studio 2017\projects\thesis_api\thesis_api\debug\vc141.idb
c:\users\danae\documents\visual studio 2017\projects\thesis_api\thesis_api\debug\irenderer.obj
c:\users\danae\documents\visual studio 2017\projects\thesis_api\thesis_api\debug\main.obj
c:\users\danae\documents\visual studio 2017\projects\thesis_api\thesis_api\debug\openglrenderer.obj
c:\users\danae\documents\visual studio 2017\projects\thesis_api\thesis_api\debug\directxrenderer.obj
c:\users\danae\documents\visual studio 2017\projects\thesis_api\debug\thesis_api.pdb
c:\users\danae\documents\visual studio 2017\projects\thesis_api\thesis_api\debug\thesis_api.tlog\cl.command.1.tlog
c:\users\danae\documents\visual studio 2017\projects\thesis_api\thesis_api\debug\thesis_api.tlog\cl.read.1.tlog
c:\users\danae\documents\visual studio 2017\projects\thesis_api\thesis_api\debug\thesis_api.tlog\cl.write.1.tlog
c:\users\danae\documents\visual studio 2017\projects\thesis_api\thesis_api\debug\thesis_api.tlog\link-cvtres.read.1.tlog
c:\users\danae\documents\visual studio 2017\projects\thesis_api\thesis_api\debug\thesis_api.tlog\link-cvtres.write.1.tlog
c:\users\danae\documents\visual studio 2017\projects\thesis_api\thesis_api\debug\thesis_api.tlog\link-rc.read.1.tlog
c:\users\danae\documents\visual studio 2017\projects\thesis_api\thesis_api\debug\thesis_api.tlog\link-rc.write.1.tlog
c:\users\danae\documents\visual studio 2017\projects\thesis_api\thesis_api\debug\thesis_api.tlog\link.9468-cvtres.read.1.tlog
c:\users\danae\documents\visual studio 2017\projects\thesis_api\thesis_api\debug\thesis_api.tlog\link.9468-cvtres.write.1.tlog
c:\users\danae\documents\visual studio 2017\projects\thesis_api\thesis_api\debug\thesis_api.tlog\link.9468-rc.read.1.tlog
c:\users\danae\documents\visual studio 2017\projects\thesis_api\thesis_api\debug\thesis_api.tlog\link.9468-rc.write.1.tlog
c:\users\danae\documents\visual studio 2017\projects\thesis_api\thesis_api\debug\thesis_api.tlog\link.9468.read.1.tlog
c:\users\danae\documents\visual studio 2017\projects\thesis_api\thesis_api\debug\thesis_api.tlog\link.9468.write.1.tlog
c:\users\danae\documents\visual studio 2017\projects\thesis_api\thesis_api\debug\thesis_api.tlog\link.command.1.tlog
c:\users\danae\documents\visual studio 2017\projects\thesis_api\thesis_api\debug\thesis_api.tlog\link.read.1.tlog
c:\users\danae\documents\visual studio 2017\projects\thesis_api\thesis_api\debug\thesis_api.tlog\link.write.1.tlog
